<?xml version="1.0" encoding="UTF-8"?>
<testsuite name="com.ios18photos.app.ExampleUnitTest" tests="1" skipped="0" failures="0" errors="0" timestamp="2025-08-12T01:02:27" hostname="78623a376f3c" time="0.158">
  <properties/>
  <testcase name="addition_isCorrect" classname="com.ios18photos.app.ExampleUnitTest" time="0.158"/>
  <system-out><![CDATA[]]></system-out>
  <system-err><![CDATA[]]></system-err>
</testsuite>
